# JRE version: OpenJDK Runtime Environment Temurin-21.0.10+7 (21.0.10+7) (build 21.0.10+7-LTS)
# Java VM: OpenJDK 64-Bit Server VM Temurin-21.0.10+7 (21.0.10+7-LTS, mixed mode, sharing, tiered, compressed oops, compressed class ptrs, parallel gc, windows-amd64)
GC Precious Log:
 CardTable entry size: 512
 CPUs: 8 total, 8 available
 Memory: 16198M
 Large Page Support: Disabled
 NUMA Support: Disabled
 Compressed Oops: Enabled (32-bit)
 Alignments: Space 512K, Generation 512K, Heap 2M
 Heap Min Capacity: 100M
 Heap Initial Capacity: 100M
 Heap Max Capacity: 1G
 Pre-touch: Disabled
 Parallel Workers: 8
Heap:
 PSYoungGen      total 3072K, used 2509K [0x00000000eab00000, 0x00000000eaf80000, 0x0000000100000000)
  eden space 2560K, 90% used [0x00000000eab00000,0x00000000ead436d8,0x00000000ead80000)
  from space 512K, 37% used [0x00000000eae80000,0x00000000eaeb0000,0x00000000eaf00000)
  to   space 512K, 0% used [0x00000000eaf00000,0x00000000eaf00000,0x00000000eaf80000)
 ParOldGen       total 510464K, used 510249K [0x00000000c0000000, 0x00000000df280000, 0x00000000eab00000)
  object space 510464K, 99% used [0x00000000c0000000,0x00000000df24a7b8,0x00000000df280000)
 Metaspace       used 82775K, committed 84352K, reserved 1179648K
  class space    used 8315K, committed 9088K, reserved 1048576K
GC Heap History (20 events):
Event: 6452.993 GC heap before
{Heap before GC invocations=2203 (full 8):
 PSYoungGen      total 5632K, used 5625K [0x00000000eab00000, 0x00000000eb500000, 0x0000000100000000)
  eden space 4096K, 100% used [0x00000000eab00000,0x00000000eaf00000,0x00000000eaf00000)
  from space 1536K, 99% used [0x00000000eaf00000,0x00000000eb07e4e0,0x00000000eb080000)
  to   space 3072K, 0% used [0x00000000eb200000,0x00000000eb200000,0x00000000eb500000)
 ParOldGen       total 503296K, used 503093K [0x00000000c0000000, 0x00000000deb80000, 0x00000000eab00000)
  object space 503296K, 99% used [0x00000000c0000000,0x00000000deb4d618,0x00000000deb80000)
 Metaspace       used 82657K, committed 84224K, reserved 1179648K
  class space    used 8301K, committed 9088K, reserved 1048576K
}
Event: 6452.996 GC heap after
{Heap after GC invocations=2203 (full 8):
 PSYoungGen      total 5120K, used 904K [0x00000000eab00000, 0x00000000eb300000, 0x0000000100000000)
  eden space 4096K, 0% used [0x00000000eab00000,0x00000000eab00000,0x00000000eaf00000)
  from space 1024K, 88% used [0x00000000eb200000,0x00000000eb2e2398,0x00000000eb300000)
  to   space 2048K, 0% used [0x00000000eaf00000,0x00000000eaf00000,0x00000000eb100000)
 ParOldGen       total 504832K, used 504518K [0x00000000c0000000, 0x00000000ded00000, 0x00000000eab00000)
  object space 504832K, 99% used [0x00000000c0000000,0x00000000decb1b40,0x00000000ded00000)
 Metaspace       used 82657K, committed 84224K, reserved 1179648K
  class space    used 8301K, committed 9088K, reserved 1048576K
}
Event: 6453.057 GC heap before
{Heap before GC invocations=2204 (full 8):
 PSYoungGen      total 5120K, used 5000K [0x00000000eab00000, 0x00000000eb300000, 0x0000000100000000)
  eden space 4096K, 99% used [0x00000000eab00000,0x00000000eaeffff0,0x00000000eaf00000)
  from space 1024K, 88% used [0x00000000eb200000,0x00000000eb2e2398,0x00000000eb300000)
  to   space 2048K, 0% used [0x00000000eaf00000,0x00000000eaf00000,0x00000000eb100000)
 ParOldGen       total 504832K, used 504518K [0x00000000c0000000, 0x00000000ded00000, 0x00000000eab00000)
  object space 504832K, 99% used [0x00000000c0000000,0x00000000decb1b40,0x00000000ded00000)
 Metaspace       used 82657K, committed 84224K, reserved 1179648K
  class space    used 8301K, committed 9088K, reserved 1048576K
}
Event: 6453.060 GC heap after
{Heap after GC invocations=2204 (full 8):
 PSYoungGen      total 6144K, used 1045K [0x00000000eab00000, 0x00000000eb280000, 0x0000000100000000)
  eden space 4096K, 0% used [0x00000000eab00000,0x00000000eab00000,0x00000000eaf00000)
  from space 2048K, 51% used [0x00000000eaf00000,0x00000000eb0055a0,0x00000000eb100000)
  to   space 1536K, 0% used [0x00000000eb100000,0x00000000eb100000,0x00000000eb280000)
 ParOldGen       total 505344K, used 505285K [0x00000000c0000000, 0x00000000ded80000, 0x00000000eab00000)
  object space 505344K, 99% used [0x00000000c0000000,0x00000000ded716e0,0x00000000ded80000)
 Metaspace       used 82657K, committed 84224K, reserved 1179648K
  class space    used 8301K, committed 9088K, reserved 1048576K
}
Event: 6453.190 GC heap before
{Heap before GC invocations=2205 (full 8):
 PSYoungGen      total 6144K, used 5141K [0x00000000eab00000, 0x00000000eb280000, 0x0000000100000000)
  eden space 4096K, 100% used [0x00000000eab00000,0x00000000eaf00000,0x00000000eaf00000)
  from space 2048K, 51% used [0x00000000eaf00000,0x00000000eb0055a0,0x00000000eb100000)
  to   space 1536K, 0% used [0x00000000eb100000,0x00000000eb100000,0x00000000eb280000)
 ParOldGen       total 505344K, used 505285K [0x00000000c0000000, 0x00000000ded80000, 0x00000000eab00000)
  object space 505344K, 99% used [0x00000000c0000000,0x00000000ded716e0,0x00000000ded80000)
 Metaspace       used 82679K, committed 84224K, reserved 1179648K
  class space    used 8301K, committed 9088K, reserved 1048576K
}
Event: 6453.195 GC heap after
{Heap after GC invocations=2205 (full 8):
 PSYoungGen      total 4096K, used 1522K [0x00000000eab00000, 0x00000000eb600000, 0x0000000100000000)
  eden space 2560K, 0% used [0x00000000eab00000,0x00000000eab00000,0x00000000ead80000)
  from space 1536K, 99% used [0x00000000eb100000,0x00000000eb27ca10,0x00000000eb280000)
  to   space 3584K, 0% used [0x00000000ead80000,0x00000000ead80000,0x00000000eb100000)
 ParOldGen       total 506880K, used 506752K [0x00000000c0000000, 0x00000000def00000, 0x00000000eab00000)
  object space 506880K, 99% used [0x00000000c0000000,0x00000000deee0128,0x00000000def00000)
 Metaspace       used 82679K, committed 84224K, reserved 1179648K
  class space    used 8301K, committed 9088K, reserved 1048576K
}
Event: 6453.236 GC heap before
{Heap before GC invocations=2206 (full 8):
 PSYoungGen      total 4096K, used 4082K [0x00000000eab00000, 0x00000000eb600000, 0x0000000100000000)
  eden space 2560K, 100% used [0x00000000eab00000,0x00000000ead80000,0x00000000ead80000)
  from space 1536K, 99% used [0x00000000eb100000,0x00000000eb27ca10,0x00000000eb280000)
  to   space 3584K, 0% used [0x00000000ead80000,0x00000000ead80000,0x00000000eb100000)
 ParOldGen       total 506880K, used 506752K [0x00000000c0000000, 0x00000000def00000, 0x00000000eab00000)
  object space 506880K, 99% used [0x00000000c0000000,0x00000000deee0128,0x00000000def00000)
 Metaspace       used 82679K, committed 84224K, reserved 1179648K
  class space    used 8301K, committed 9088K, reserved 1048576K
}
Event: 6453.241 GC heap after
{Heap after GC invocations=2206 (full 8):
 PSYoungGen      total 3584K, used 800K [0x00000000eab00000, 0x00000000eb180000, 0x0000000100000000)
  eden space 2560K, 0% used [0x00000000eab00000,0x00000000eab00000,0x00000000ead80000)
  from space 1024K, 78% used [0x00000000ead80000,0x00000000eae48000,0x00000000eae80000)
  to   space 2048K, 0% used [0x00000000eaf80000,0x00000000eaf80000,0x00000000eb180000)
 ParOldGen       total 508928K, used 508302K [0x00000000c0000000, 0x00000000df100000, 0x00000000eab00000)
  object space 508928K, 99% used [0x00000000c0000000,0x00000000df063900,0x00000000df100000)
 Metaspace       used 82679K, committed 84224K, reserved 1179648K
  class space    used 8301K, committed 9088K, reserved 1048576K
}
Event: 6453.256 GC heap before
{Heap before GC invocations=2207 (full 8):
 PSYoungGen      total 3584K, used 3360K [0x00000000eab00000, 0x00000000eb180000, 0x0000000100000000)
  eden space 2560K, 100% used [0x00000000eab00000,0x00000000ead80000,0x00000000ead80000)
  from space 1024K, 78% used [0x00000000ead80000,0x00000000eae48000,0x00000000eae80000)
  to   space 2048K, 0% used [0x00000000eaf80000,0x00000000eaf80000,0x00000000eb180000)
 ParOldGen       total 508928K, used 508302K [0x00000000c0000000, 0x00000000df100000, 0x00000000eab00000)
  object space 508928K, 99% used [0x00000000c0000000,0x00000000df063900,0x00000000df100000)
 Metaspace       used 82679K, committed 84224K, reserved 1179648K
  class space    used 8301K, committed 9088K, reserved 1048576K
}
Event: 6453.259 GC heap after
{Heap after GC invocations=2207 (full 8):
 PSYoungGen      total 3072K, used 208K [0x00000000eab00000, 0x00000000eb000000, 0x0000000100000000)
  eden space 2560K, 0% used [0x00000000eab00000,0x00000000eab00000,0x00000000ead80000)
  from space 512K, 40% used [0x00000000eaf80000,0x00000000eafb4010,0x00000000eb000000)
  to   space 1024K, 0% used [0x00000000eae00000,0x00000000eae00000,0x00000000eaf00000)
 ParOldGen       total 509440K, used 508981K [0x00000000c0000000, 0x00000000df180000, 0x00000000eab00000)
  object space 509440K, 99% used [0x00000000c0000000,0x00000000df10d570,0x00000000df180000)
 Metaspace       used 82679K, committed 84224K, reserved 1179648K
  class space    used 8301K, committed 9088K, reserved 1048576K
}
Event: 6453.275 GC heap before
{Heap before GC invocations=2208 (full 8):
 PSYoungGen      total 3072K, used 2768K [0x00000000eab00000, 0x00000000eb000000, 0x0000000100000000)
  eden space 2560K, 100% used [0x00000000eab00000,0x00000000ead80000,0x00000000ead80000)
  from space 512K, 40% used [0x00000000eaf80000,0x00000000eafb4010,0x00000000eb000000)
  to   space 1024K, 0% used [0x00000000eae00000,0x00000000eae00000,0x00000000eaf00000)
 ParOldGen       total 509440K, used 508981K [0x00000000c0000000, 0x00000000df180000, 0x00000000eab00000)
  object space 509440K, 99% used [0x00000000c0000000,0x00000000df10d570,0x00000000df180000)
 Metaspace       used 82679K, committed 84224K, reserved 1179648K
  class space    used 8301K, committed 9088K, reserved 1048576K
}
Event: 6453.277 GC heap after
{Heap after GC invocations=2208 (full 8):
 PSYoungGen      total 3584K, used 470K [0x00000000eab00000, 0x00000000eb000000, 0x0000000100000000)
  eden space 2560K, 0% used [0x00000000eab00000,0x00000000eab00000,0x00000000ead80000)
  from space 1024K, 45% used [0x00000000eae00000,0x00000000eae75920,0x00000000eaf00000)
  to   space 1024K, 0% used [0x00000000eaf00000,0x00000000eaf00000,0x00000000eb000000)
 ParOldGen       total 509440K, used 509133K [0x00000000c0000000, 0x00000000df180000, 0x00000000eab00000)
  object space 509440K, 99% used [0x00000000c0000000,0x00000000df133570,0x00000000df180000)
 Metaspace       used 82679K, committed 84224K, reserved 1179648K
  class space    used 8301K, committed 9088K, reserved 1048576K
}
Event: 6453.306 GC heap before
{Heap before GC invocations=2209 (full 8):
 PSYoungGen      total 3584K, used 3030K [0x00000000eab00000, 0x00000000eb000000, 0x0000000100000000)
  eden space 2560K, 100% used [0x00000000eab00000,0x00000000ead80000,0x00000000ead80000)
  from space 1024K, 45% used [0x00000000eae00000,0x00000000eae75920,0x00000000eaf00000)
  to   space 1024K, 0% used [0x00000000eaf00000,0x00000000eaf00000,0x00000000eb000000)
 ParOldGen       total 509440K, used 509133K [0x00000000c0000000, 0x00000000df180000, 0x00000000eab00000)
  object space 509440K, 99% used [0x00000000c0000000,0x00000000df133570,0x00000000df180000)
 Metaspace       used 82679K, committed 84224K, reserved 1179648K
  class space    used 8301K, committed 9088K, reserved 1048576K
}
Event: 6453.309 GC heap after
{Heap after GC invocations=2209 (full 8):
 PSYoungGen      total 3584K, used 640K [0x00000000eab00000, 0x00000000eb000000, 0x0000000100000000)
  eden space 2560K, 0% used [0x00000000eab00000,0x00000000eab00000,0x00000000ead80000)
  from space 1024K, 62% used [0x00000000eaf00000,0x00000000eafa0000,0x00000000eb000000)
  to   space 1024K, 0% used [0x00000000eae00000,0x00000000eae00000,0x00000000eaf00000)
 ParOldGen       total 509952K, used 509493K [0x00000000c0000000, 0x00000000df200000, 0x00000000eab00000)
  object space 509952K, 99% used [0x00000000c0000000,0x00000000df18d590,0x00000000df200000)
 Metaspace       used 82679K, committed 84224K, reserved 1179648K
  class space    used 8301K, committed 9088K, reserved 1048576K
}
Event: 6461.053 GC heap before
{Heap before GC invocations=2210 (full 8):
 PSYoungGen      total 3584K, used 3108K [0x00000000eab00000, 0x00000000eb000000, 0x0000000100000000)
  eden space 2560K, 96% used [0x00000000eab00000,0x00000000ead69260,0x00000000ead80000)
  from space 1024K, 62% used [0x00000000eaf00000,0x00000000eafa0000,0x00000000eb000000)
  to   space 1024K, 0% used [0x00000000eae00000,0x00000000eae00000,0x00000000eaf00000)
 ParOldGen       total 509952K, used 509493K [0x00000000c0000000, 0x00000000df200000, 0x00000000eab00000)
  object space 509952K, 99% used [0x00000000c0000000,0x00000000df18d590,0x00000000df200000)
 Metaspace       used 82719K, committed 84224K, reserved 1179648K
  class space    used 8311K, committed 9088K, reserved 1048576K
}
Event: 6461.058 GC heap after
{Heap after GC invocations=2210 (full 8):
 PSYoungGen      total 3584K, used 320K [0x00000000eab00000, 0x00000000eaf80000, 0x0000000100000000)
  eden space 2560K, 0% used [0x00000000eab00000,0x00000000eab00000,0x00000000ead80000)
  from space 1024K, 31% used [0x00000000eae00000,0x00000000eae50000,0x00000000eaf00000)
  to   space 512K, 0% used [0x00000000eaf00000,0x00000000eaf00000,0x00000000eaf80000)
 ParOldGen       total 510464K, used 509987K [0x00000000c0000000, 0x00000000df280000, 0x00000000eab00000)
  object space 510464K, 99% used [0x00000000c0000000,0x00000000df208d88,0x00000000df280000)
 Metaspace       used 82719K, committed 84224K, reserved 1179648K
  class space    used 8311K, committed 9088K, reserved 1048576K
}
Event: 6461.102 GC heap before
{Heap before GC invocations=2211 (full 8):
 PSYoungGen      total 3584K, used 2870K [0x00000000eab00000, 0x00000000eaf80000, 0x0000000100000000)
  eden space 2560K, 99% used [0x00000000eab00000,0x00000000ead7d810,0x00000000ead80000)
  from space 1024K, 31% used [0x00000000eae00000,0x00000000eae50000,0x00000000eaf00000)
  to   space 512K, 0% used [0x00000000eaf00000,0x00000000eaf00000,0x00000000eaf80000)
 ParOldGen       total 510464K, used 509987K [0x00000000c0000000, 0x00000000df280000, 0x00000000eab00000)
  object space 510464K, 99% used [0x00000000c0000000,0x00000000df208d88,0x00000000df280000)
 Metaspace       used 82722K, committed 84224K, reserved 1179648K
  class space    used 8311K, committed 9088K, reserved 1048576K
}
Event: 6461.105 GC heap after
{Heap after GC invocations=2211 (full 8):
 PSYoungGen      total 3072K, used 369K [0x00000000eab00000, 0x00000000eaf80000, 0x0000000100000000)
  eden space 2560K, 0% used [0x00000000eab00000,0x00000000eab00000,0x00000000ead80000)
  from space 512K, 72% used [0x00000000eaf00000,0x00000000eaf5c708,0x00000000eaf80000)
  to   space 512K, 0% used [0x00000000eae80000,0x00000000eae80000,0x00000000eaf00000)
 ParOldGen       total 510464K, used 510209K [0x00000000c0000000, 0x00000000df280000, 0x00000000eab00000)
  object space 510464K, 99% used [0x00000000c0000000,0x00000000df2407b8,0x00000000df280000)
 Metaspace       used 82722K, committed 84224K, reserved 1179648K
  class space    used 8311K, committed 9088K, reserved 1048576K
}
Event: 6461.145 GC heap before
{Heap before GC invocations=2212 (full 8):
 PSYoungGen      total 3072K, used 2852K [0x00000000eab00000, 0x00000000eaf80000, 0x0000000100000000)
  eden space 2560K, 96% used [0x00000000eab00000,0x00000000ead6ca88,0x00000000ead80000)
  from space 512K, 72% used [0x00000000eaf00000,0x00000000eaf5c708,0x00000000eaf80000)
  to   space 512K, 0% used [0x00000000eae80000,0x00000000eae80000,0x00000000eaf00000)
 ParOldGen       total 510464K, used 510209K [0x00000000c0000000, 0x00000000df280000, 0x00000000eab00000)
  object space 510464K, 99% used [0x00000000c0000000,0x00000000df2407b8,0x00000000df280000)
 Metaspace       used 82722K, committed 84224K, reserved 1179648K
  class space    used 8311K, committed 9088K, reserved 1048576K
}
Event: 6461.149 GC heap after
{Heap after GC invocations=2212 (full 8):
 PSYoungGen      total 3072K, used 192K [0x00000000eab00000, 0x00000000eaf80000, 0x0000000100000000)
  eden space 2560K, 0% used [0x00000000eab00000,0x00000000eab00000,0x00000000ead80000)
  from space 512K, 37% used [0x00000000eae80000,0x00000000eaeb0000,0x00000000eaf00000)
  to   space 512K, 0% used [0x00000000eaf00000,0x00000000eaf00000,0x00000000eaf80000)
 ParOldGen       total 510464K, used 510249K [0x00000000c0000000, 0x00000000df280000, 0x00000000eab00000)
  object space 510464K, 99% used [0x00000000c0000000,0x00000000df24a7b8,0x00000000df280000)
 Metaspace       used 82722K, committed 84224K, reserved 1179648K
  class space    used 8311K, committed 9088K, reserved 1048576K
}

